[0m21:07:37.764677 [debug] [MainThread]: Sending event: {'category': 'dbt', 'action': 'invocation', 'label': 'start', 'context': [<snowplow_tracker.self_describing_json.SelfDescribingJson object at 0x000001865AFBE390>, <snowplow_tracker.self_describing_json.SelfDescribingJson object at 0x000001865AFBED90>, <snowplow_tracker.self_describing_json.SelfDescribingJson object at 0x000001865AD63C50>]}


============================== 21:07:37.771582 | 51759010-9bb2-4e38-87ee-288eaf8b8ce7 ==============================
[0m21:07:37.771582 [info ] [MainThread]: Running with dbt=1.7.5
[0m21:07:37.773602 [debug] [MainThread]: running dbt with arguments {'printer_width': '80', 'indirect_selection': 'eager', 'log_cache_events': 'False', 'write_json': 'True', 'partial_parse': 'True', 'cache_selected_only': 'False', 'profiles_dir': 'C:\\Users\\Ronel Manlutac\\.dbt', 'debug': 'False', 'warn_error': 'None', 'log_path': 'logs', 'fail_fast': 'False', 'version_check': 'True', 'use_colors': 'True', 'use_experimental_parser': 'False', 'no_print': 'None', 'quiet': 'False', 'log_format': 'default', 'static_parser': 'True', 'introspect': 'True', 'warn_error_options': 'WarnErrorOptions(include=[], exclude=[])', 'target_path': 'None', 'invocation_command': 'dbt init', 'send_anonymous_usage_stats': 'True'}
[0m21:07:37.775604 [warn ] [MainThread]: [ConfigFolderDirectory]: Unable to parse dict {'dir': WindowsPath('C:/Users/Ronel Manlutac/.dbt')}
[0m21:07:37.777604 [info ] [MainThread]: Creating dbt configuration folder at 
[0m21:07:55.088851 [debug] [MainThread]: Starter project path: D:\Users\Oneng\Desktop\Osteergard\Test project\ecommerce_sales\venv\Lib\site-packages\dbt\include\starter_project
[0m21:07:55.173984 [info ] [MainThread]: 
Your new dbt project "ecommerce_sales" was created!

For more information on how to configure the profiles.yml file,
please consult the dbt documentation here:

  https://docs.getdbt.com/docs/configure-your-profile

One more thing:

Need help? Don't hesitate to reach out to us via GitHub issues or on Slack:

  https://community.getdbt.com/

Happy modeling!

[0m21:07:55.177986 [info ] [MainThread]: Setting up your profile.
[0m21:08:34.772482 [info ] [MainThread]: Profile ecommerce_sales written to C:\Users\Ronel Manlutac\.dbt\profiles.yml using target's sample configuration. Once updated, you'll be able to start developing with dbt.
[0m21:08:34.775482 [debug] [MainThread]: Command `dbt init` succeeded at 21:08:34.774484 after 57.03 seconds
[0m21:08:34.776481 [debug] [MainThread]: Sending event: {'category': 'dbt', 'action': 'invocation', 'label': 'end', 'context': [<snowplow_tracker.self_describing_json.SelfDescribingJson object at 0x0000018653E297D0>, <snowplow_tracker.self_describing_json.SelfDescribingJson object at 0x0000018653E29790>, <snowplow_tracker.self_describing_json.SelfDescribingJson object at 0x000001865AC9BA50>]}
[0m21:08:34.777486 [debug] [MainThread]: Flushing usage events
